<?xml version="1.0" encoding="UTF-8"?>
<!-- Generated by org.testng.reporters.JUnitReportReporter -->
<testsuite hostname="keertheshu" failures="0" tests="1" name="com.zbib.Test.CiteVerifyTest" time="64.242" errors="0" timestamp="2022-03-19T21:58:50 IST" skipped="0">
  <testcase classname="com.zbib.Test.CiteVerifyTest" name="searchBookEntry" time="64.242"/>
  <system-out/>
</testsuite> <!-- com.zbib.Test.CiteVerifyTest -->
