<?xml version="1.0" encoding="UTF-8"?>
<!-- Generated by org.testng.reporters.JUnitReportReporter -->
<testsuite hostname="keertheshu" failures="0" tests="1" name="com.zbib.Test.ManualEntryVerify" time="36.293" errors="0" timestamp="2022-03-19T21:58:50 IST" skipped="0">
  <testcase classname="com.zbib.Test.ManualEntryVerify" name="manualBookEntry" time="36.293"/>
  <system-out/>
</testsuite> <!-- com.zbib.Test.ManualEntryVerify -->
